<?xml version="1.0" encoding="UTF-8"?>
<!-- Generated by org.testng.reporters.JUnitReportReporter -->
<testsuite name="testNG.TestNG2" tests="3" time="19.395" ignored="0" failures="0" timestamp="22 Apr 2020 03:38:38 GMT" skipped="0" hostname="LAPTOP-FTGC9H70" errors="0">
  <testcase name="googleTitleTest" time="6.344" classname="testNG.TestNG2"/>
  <testcase name="googleLogoTest" time="6.757" classname="testNG.TestNG2"/>
  <testcase name="gmailTest" time="6.294" classname="testNG.TestNG2"/>
</testsuite> <!-- testNG.TestNG2 -->
