<?xml version="1.0" encoding="UTF-8"?>
<!-- Generated by org.testng.reporters.JUnitReportReporter -->
<testsuite name="testNG.dataProvider" tests="1" time="0.000" ignored="0" failures="0" timestamp="11 May 2020 12:58:30 GMT" skipped="1" hostname="LAPTOP-FTGC9H70" errors="0">
  <testcase name="doSearch" time="0.000" classname="testNG.dataProvider">
    <skipped/>
  </testcase> <!-- doSearch -->
</testsuite> <!-- testNG.dataProvider -->
