<?xml version="1.0" encoding="UTF-8"?>
<!-- Generated by org.testng.reporters.JUnitReportReporter -->
<testsuite name="testNG.TestNG1" tests="1" time="0.005" ignored="0" failures="0" timestamp="22 Apr 2020 03:38:38 GMT" skipped="0" hostname="LAPTOP-FTGC9H70" errors="0">
  <testcase name="googleTitleTest" time="0.005" classname="testNG.TestNG1"/>
</testsuite> <!-- testNG.TestNG1 -->
